This is pdfTeX, Version 3.141592653-2.6-1.40.27 (TeX Live 2025) (preloaded format=pdflatex 2025.3.8)  31 MAR 2026 17:51
entering extended mode
 restricted \write18 enabled.
 %&-line parsing enabled.
**bcp_hurst_thesis.tex
(./bcp_hurst_thesis.tex
LaTeX2e <2024-11-01> patch level 2
L3 programming layer <2025-01-18>
(/usr/local/texlive/2025/texmf-dist/tex/latex/base/article.cls
Document Class: article 2024/06/29 v1.4n Standard LaTeX document class
(/usr/local/texlive/2025/texmf-dist/tex/latex/base/size12.clo
File: size12.clo 2024/06/29 v1.4n Standard LaTeX file (size option)
)
\c@part=\count196
\c@section=\count197
\c@subsection=\count198
\c@subsubsection=\count199
\c@paragraph=\count266
\c@subparagraph=\count267
\c@figure=\count268
\c@table=\count269
\abovecaptionskip=\skip49
\belowcaptionskip=\skip50
\bibindent=\dimen141
)
(/usr/local/texlive/2025/texmf-dist/tex/latex/base/fontenc.sty
Package: fontenc 2021/04/29 v2.0v Standard LaTeX package
)
(/usr/local/texlive/2025/texmf-dist/tex/latex/base/inputenc.sty
Package: inputenc 2024/02/08 v1.3d Input encoding file
\inpenc@prehook=\toks17
\inpenc@posthook=\toks18
)
(/usr/local/texlive/2025/texmf-dist/tex/latex/psnfss/times.sty
Package: times 2020/03/25 PSNFSS-v9.3 (SPQR) 
)
(/usr/local/texlive/2025/texmf-dist/tex/latex/geometry/geometry.sty
Package: geometry 2020/01/02 v5.9 Page Geometry

(/usr/local/texlive/2025/texmf-dist/tex/latex/graphics/keyval.sty
Package: keyval 2022/05/29 v1.15 key=value parser (DPC)
\KV@toks@=\toks19
)
(/usr/local/texlive/2025/texmf-dist/tex/generic/iftex/ifvtex.sty
Package: ifvtex 2019/10/25 v1.7 ifvtex legacy package. Use iftex instead.

(/usr/local/texlive/2025/texmf-dist/tex/generic/iftex/iftex.sty
Package: iftex 2024/12/12 v1.0g TeX engine tests
))
\Gm@cnth=\count270
\Gm@cntv=\count271
\c@Gm@tempcnt=\count272
\Gm@bindingoffset=\dimen142
\Gm@wd@mp=\dimen143
\Gm@odd@mp=\dimen144
\Gm@even@mp=\dimen145
\Gm@layoutwidth=\dimen146
\Gm@layoutheight=\dimen147
\Gm@layouthoffset=\dimen148
\Gm@layoutvoffset=\dimen149
\Gm@dimlist=\toks20
)
(/usr/local/texlive/2025/texmf-dist/tex/latex/setspace/setspace.sty
Package: setspace 2022/12/04 v6.7b set line spacing
)
(/usr/local/texlive/2025/texmf-dist/tex/latex/amsmath/amsmath.sty
Package: amsmath 2024/11/05 v2.17t AMS math features
\@mathmargin=\skip51

For additional information on amsmath, use the `?' option.
(/usr/local/texlive/2025/texmf-dist/tex/latex/amsmath/amstext.sty
Package: amstext 2021/08/26 v2.01 AMS text

(/usr/local/texlive/2025/texmf-dist/tex/latex/amsmath/amsgen.sty
File: amsgen.sty 1999/11/30 v2.0 generic functions
\@emptytoks=\toks21
\ex@=\dimen150
))
(/usr/local/texlive/2025/texmf-dist/tex/latex/amsmath/amsbsy.sty
Package: amsbsy 1999/11/29 v1.2d Bold Symbols
\pmbraise@=\dimen151
)
(/usr/local/texlive/2025/texmf-dist/tex/latex/amsmath/amsopn.sty
Package: amsopn 2022/04/08 v2.04 operator names
)
\inf@bad=\count273
LaTeX Info: Redefining \frac on input line 233.
\uproot@=\count274
\leftroot@=\count275
LaTeX Info: Redefining \overline on input line 398.
LaTeX Info: Redefining \colon on input line 409.
\classnum@=\count276
\DOTSCASE@=\count277
LaTeX Info: Redefining \ldots on input line 495.
LaTeX Info: Redefining \dots on input line 498.
LaTeX Info: Redefining \cdots on input line 619.
\Mathstrutbox@=\box52
\strutbox@=\box53
LaTeX Info: Redefining \big on input line 721.
LaTeX Info: Redefining \Big on input line 722.
LaTeX Info: Redefining \bigg on input line 723.
LaTeX Info: Redefining \Bigg on input line 724.
\big@size=\dimen152
LaTeX Font Info:    Redeclaring font encoding OML on input line 742.
LaTeX Font Info:    Redeclaring font encoding OMS on input line 743.
\macc@depth=\count278
LaTeX Info: Redefining \bmod on input line 904.
LaTeX Info: Redefining \pmod on input line 909.
LaTeX Info: Redefining \smash on input line 939.
LaTeX Info: Redefining \relbar on input line 969.
LaTeX Info: Redefining \Relbar on input line 970.
\c@MaxMatrixCols=\count279
\dotsspace@=\muskip17
\c@parentequation=\count280
\dspbrk@lvl=\count281
\tag@help=\toks22
\row@=\count282
\column@=\count283
\maxfields@=\count284
\andhelp@=\toks23
\eqnshift@=\dimen153
\alignsep@=\dimen154
\tagshift@=\dimen155
\tagwidth@=\dimen156
\totwidth@=\dimen157
\lineht@=\dimen158
\@envbody=\toks24
\multlinegap=\skip52
\multlinetaggap=\skip53
\mathdisplay@stack=\toks25
LaTeX Info: Redefining \[ on input line 2953.
LaTeX Info: Redefining \] on input line 2954.
)
(/usr/local/texlive/2025/texmf-dist/tex/latex/amsfonts/amsfonts.sty
Package: amsfonts 2013/01/14 v3.01 Basic AMSFonts support
\symAMSa=\mathgroup4
\symAMSb=\mathgroup5
LaTeX Font Info:    Redeclaring math symbol \hbar on input line 98.
LaTeX Font Info:    Overwriting math alphabet `\mathfrak' in version `bold'
(Font)                  U/euf/m/n --> U/euf/b/n on input line 106.
)
(/usr/local/texlive/2025/texmf-dist/tex/latex/amsfonts/amssymb.sty
Package: amssymb 2013/01/14 v3.01 AMS font symbols
)
(/usr/local/texlive/2025/texmf-dist/tex/latex/siunitx/siunitx.sty
Package: siunitx 2025-02-27 v3.4.6 A comprehensive (SI) units package
\l__siunitx_number_uncert_offset_int=\count285
\l__siunitx_number_exponent_fixed_int=\count286
\l__siunitx_number_min_decimal_int=\count287
\l__siunitx_number_min_integer_int=\count288
\l__siunitx_number_round_precision_int=\count289
\l__siunitx_number_lower_threshold_int=\count290
\l__siunitx_number_upper_threshold_int=\count291
\l__siunitx_number_group_first_int=\count292
\l__siunitx_number_group_size_int=\count293
\l__siunitx_number_group_minimum_int=\count294
\l__siunitx_angle_tmp_dim=\dimen159
\l__siunitx_angle_marker_box=\box54
\l__siunitx_angle_unit_box=\box55
\l__siunitx_compound_count_int=\count295

(/usr/local/texlive/2025/texmf-dist/tex/latex/translations/translations.sty
Package: translations 2022/02/05 v1.12 internationalization of LaTeX2e packages
 (CN)

(/usr/local/texlive/2025/texmf-dist/tex/latex/etoolbox/etoolbox.sty
Package: etoolbox 2025/02/11 v2.5l e-TeX tools for LaTeX (JAW)
\etb@tempcnta=\count296
)
(/usr/local/texlive/2025/texmf-dist/tex/generic/pdftexcmds/pdftexcmds.sty
Package: pdftexcmds 2020-06-27 v0.33 Utility functions of pdfTeX for LuaTeX (HO
)

(/usr/local/texlive/2025/texmf-dist/tex/generic/infwarerr/infwarerr.sty
Package: infwarerr 2019/12/03 v1.5 Providing info/warning/error messages (HO)
)
(/usr/local/texlive/2025/texmf-dist/tex/generic/ltxcmds/ltxcmds.sty
Package: ltxcmds 2023-12-04 v1.26 LaTeX kernel commands for general use (HO)
)
Package pdftexcmds Info: \pdf@primitive is available.
Package pdftexcmds Info: \pdf@ifprimitive is available.
Package pdftexcmds Info: \pdfdraftmode found.
))
\l__siunitx_table_tmp_box=\box56
\l__siunitx_table_tmp_dim=\dimen160
\l__siunitx_table_column_width_dim=\dimen161
\l__siunitx_table_integer_box=\box57
\l__siunitx_table_decimal_box=\box58
\l__siunitx_table_uncert_box=\box59
\l__siunitx_table_before_box=\box60
\l__siunitx_table_after_box=\box61
\l__siunitx_table_before_dim=\dimen162
\l__siunitx_table_carry_dim=\dimen163
\l__siunitx_unit_tmp_int=\count297
\l__siunitx_unit_position_int=\count298
\l__siunitx_unit_total_int=\count299

(/usr/local/texlive/2025/texmf-dist/tex/latex/tools/array.sty
Package: array 2024/10/17 v2.6g Tabular extension package (FMi)
\col@sep=\dimen164
\ar@mcellbox=\box62
\extrarowheight=\dimen165
\NC@list=\toks26
\extratabsurround=\skip54
\backup@length=\skip55
\ar@cellbox=\box63
))
(/usr/local/texlive/2025/texmf-dist/tex/latex/booktabs/booktabs.sty
Package: booktabs 2020/01/12 v1.61803398 Publication quality tables
\heavyrulewidth=\dimen166
\lightrulewidth=\dimen167
\cmidrulewidth=\dimen168
\belowrulesep=\dimen169
\belowbottomsep=\dimen170
\aboverulesep=\dimen171
\abovetopsep=\dimen172
\cmidrulesep=\dimen173
\cmidrulekern=\dimen174
\defaultaddspace=\dimen175
\@cmidla=\count300
\@cmidlb=\count301
\@aboverulesep=\dimen176
\@belowrulesep=\dimen177
\@thisruleclass=\count302
\@lastruleclass=\count303
\@thisrulewidth=\dimen178
)
(/usr/local/texlive/2025/texmf-dist/tex/latex/multirow/multirow.sty
Package: multirow 2024/11/12 v2.9 Span multiple rows of a table
\multirow@colwidth=\skip56
\multirow@cntb=\count304
\multirow@dima=\skip57
\bigstrutjot=\dimen179
)
(/usr/local/texlive/2025/texmf-dist/tex/latex/paralist/paralist.sty
Package: paralist 2017/01/22 v2.7 Extended list environments
\pltopsep=\skip58
\plpartopsep=\skip59
\plitemsep=\skip60
\plparsep=\skip61
\pl@lab=\toks27
)
(/usr/local/texlive/2025/texmf-dist/tex/latex/graphics/graphicx.sty
Package: graphicx 2021/09/16 v1.2d Enhanced LaTeX Graphics (DPC,SPQR)

(/usr/local/texlive/2025/texmf-dist/tex/latex/graphics/graphics.sty
Package: graphics 2024/08/06 v1.4g Standard LaTeX Graphics (DPC,SPQR)

(/usr/local/texlive/2025/texmf-dist/tex/latex/graphics/trig.sty
Package: trig 2023/12/02 v1.11 sin cos tan (DPC)
)
(/usr/local/texlive/2025/texmf-dist/tex/latex/graphics-cfg/graphics.cfg
File: graphics.cfg 2016/06/04 v1.11 sample graphics configuration
)
Package graphics Info: Driver file: pdftex.def on input line 106.

(/usr/local/texlive/2025/texmf-dist/tex/latex/graphics-def/pdftex.def
File: pdftex.def 2024/04/13 v1.2c Graphics/color driver for pdftex
))
\Gin@req@height=\dimen180
\Gin@req@width=\dimen181
)
(/usr/local/texlive/2025/texmf-dist/tex/latex/xcolor/xcolor.sty
Package: xcolor 2024/09/29 v3.02 LaTeX color extensions (UK)

(/usr/local/texlive/2025/texmf-dist/tex/latex/graphics-cfg/color.cfg
File: color.cfg 2016/01/02 v1.6 sample color configuration
)
Package xcolor Info: Driver file: pdftex.def on input line 274.

(/usr/local/texlive/2025/texmf-dist/tex/latex/graphics/mathcolor.ltx)
Package xcolor Info: Model `cmy' substituted by `cmy0' on input line 1349.
Package xcolor Info: Model `hsb' substituted by `rgb' on input line 1353.
Package xcolor Info: Model `RGB' extended on input line 1365.
Package xcolor Info: Model `HTML' substituted by `rgb' on input line 1367.
Package xcolor Info: Model `Hsb' substituted by `hsb' on input line 1368.
Package xcolor Info: Model `tHsb' substituted by `hsb' on input line 1369.
Package xcolor Info: Model `HSB' substituted by `hsb' on input line 1370.
Package xcolor Info: Model `Gray' substituted by `gray' on input line 1371.
Package xcolor Info: Model `wave' substituted by `hsb' on input line 1372.
)
(/usr/local/texlive/2025/texmf-dist/tex/latex/hyperref/hyperref.sty
Package: hyperref 2024-11-05 v7.01l Hypertext links for LaTeX

(/usr/local/texlive/2025/texmf-dist/tex/latex/kvsetkeys/kvsetkeys.sty
Package: kvsetkeys 2022-10-05 v1.19 Key value parser (HO)
)
(/usr/local/texlive/2025/texmf-dist/tex/generic/kvdefinekeys/kvdefinekeys.sty
Package: kvdefinekeys 2019-12-19 v1.6 Define keys (HO)
)
(/usr/local/texlive/2025/texmf-dist/tex/generic/pdfescape/pdfescape.sty
Package: pdfescape 2019/12/09 v1.15 Implements pdfTeX's escape features (HO)
)
(/usr/local/texlive/2025/texmf-dist/tex/latex/hycolor/hycolor.sty
Package: hycolor 2020-01-27 v1.10 Color options for hyperref/bookmark (HO)
)
(/usr/local/texlive/2025/texmf-dist/tex/latex/hyperref/nameref.sty
Package: nameref 2023-11-26 v2.56 Cross-referencing by name of section

(/usr/local/texlive/2025/texmf-dist/tex/latex/refcount/refcount.sty
Package: refcount 2019/12/15 v3.6 Data extraction from label references (HO)
)
(/usr/local/texlive/2025/texmf-dist/tex/generic/gettitlestring/gettitlestring.s
ty
Package: gettitlestring 2019/12/15 v1.6 Cleanup title references (HO)
 (/usr/local/texlive/2025/texmf-dist/tex/latex/kvoptions/kvoptions.sty
Package: kvoptions 2022-06-15 v3.15 Key value format for package options (HO)
))
\c@section@level=\count305
)
(/usr/local/texlive/2025/texmf-dist/tex/generic/stringenc/stringenc.sty
Package: stringenc 2019/11/29 v1.12 Convert strings between diff. encodings (HO
)
)
\@linkdim=\dimen182
\Hy@linkcounter=\count306
\Hy@pagecounter=\count307

(/usr/local/texlive/2025/texmf-dist/tex/latex/hyperref/pd1enc.def
File: pd1enc.def 2024-11-05 v7.01l Hyperref: PDFDocEncoding definition (HO)
Now handling font encoding PD1 ...
... no UTF-8 mapping file for font encoding PD1
)
(/usr/local/texlive/2025/texmf-dist/tex/generic/intcalc/intcalc.sty
Package: intcalc 2019/12/15 v1.3 Expandable calculations with integers (HO)
)
\Hy@SavedSpaceFactor=\count308

(/usr/local/texlive/2025/texmf-dist/tex/latex/hyperref/puenc.def
File: puenc.def 2024-11-05 v7.01l Hyperref: PDF Unicode definition (HO)
Now handling font encoding PU ...
... no UTF-8 mapping file for font encoding PU
)
Package hyperref Info: Hyper figures OFF on input line 4157.
Package hyperref Info: Link nesting OFF on input line 4162.
Package hyperref Info: Hyper index ON on input line 4165.
Package hyperref Info: Plain pages OFF on input line 4172.
Package hyperref Info: Backreferencing OFF on input line 4177.
Package hyperref Info: Implicit mode ON; LaTeX internals redefined.
Package hyperref Info: Bookmarks ON on input line 4424.
\c@Hy@tempcnt=\count309

(/usr/local/texlive/2025/texmf-dist/tex/latex/url/url.sty
\Urlmuskip=\muskip18
Package: url 2013/09/16  ver 3.4  Verb mode for urls, etc.
)
LaTeX Info: Redefining \url on input line 4763.
\XeTeXLinkMargin=\dimen183

(/usr/local/texlive/2025/texmf-dist/tex/generic/bitset/bitset.sty
Package: bitset 2019/12/09 v1.3 Handle bit-vector datatype (HO)

(/usr/local/texlive/2025/texmf-dist/tex/generic/bigintcalc/bigintcalc.sty
Package: bigintcalc 2019/12/15 v1.5 Expandable calculations on big integers (HO
)
))
\Fld@menulength=\count310
\Field@Width=\dimen184
\Fld@charsize=\dimen185
Package hyperref Info: Hyper figures OFF on input line 6042.
Package hyperref Info: Link nesting OFF on input line 6047.
Package hyperref Info: Hyper index ON on input line 6050.
Package hyperref Info: backreferencing OFF on input line 6057.
Package hyperref Info: Link coloring OFF on input line 6062.
Package hyperref Info: Link coloring with OCG OFF on input line 6067.
Package hyperref Info: PDF/A mode OFF on input line 6072.

(/usr/local/texlive/2025/texmf-dist/tex/latex/base/atbegshi-ltx.sty
Package: atbegshi-ltx 2021/01/10 v1.0c Emulation of the original atbegshi
package with kernel methods
)
\Hy@abspage=\count311
\c@Item=\count312
\c@Hfootnote=\count313
)
Package hyperref Info: Driver (autodetected): hpdftex.

(/usr/local/texlive/2025/texmf-dist/tex/latex/hyperref/hpdftex.def
File: hpdftex.def 2024-11-05 v7.01l Hyperref driver for pdfTeX

(/usr/local/texlive/2025/texmf-dist/tex/latex/base/atveryend-ltx.sty
Package: atveryend-ltx 2020/08/19 v1.0a Emulation of the original atveryend pac
kage
with kernel methods
)
\Fld@listcount=\count314
\c@bookmark@seq@number=\count315

(/usr/local/texlive/2025/texmf-dist/tex/latex/rerunfilecheck/rerunfilecheck.sty
Package: rerunfilecheck 2022-07-10 v1.10 Rerun checks for auxiliary files (HO)

(/usr/local/texlive/2025/texmf-dist/tex/generic/uniquecounter/uniquecounter.sty
Package: uniquecounter 2019/12/15 v1.4 Provide unlimited unique counter (HO)
)
Package uniquecounter Info: New unique counter `rerunfilecheck' on input line 2
85.
)
\Hy@SectionHShift=\skip62
) (/usr/local/texlive/2025/texmf-dist/tex/latex/tools/xspace.sty
Package: xspace 2014/10/28 v1.13 Space after command names (DPC,MH)
)
(/usr/local/texlive/2025/texmf-dist/tex/latex/lettrine/lettrine.sty
File: lettrine.sty 2025-01-30 v2.80 (Daniel Flipo)

(/usr/local/texlive/2025/texmf-dist/tex/latex/l3packages/xfp/xfp.sty
(/usr/local/texlive/2025/texmf-dist/tex/latex/l3kernel/expl3.sty
Package: expl3 2025-01-18 L3 programming layer (loader) 

(/usr/local/texlive/2025/texmf-dist/tex/latex/l3backend/l3backend-pdftex.def
File: l3backend-pdftex.def 2024-05-08 L3 backend support: PDF output (pdfTeX)
\l__color_backend_stack_int=\count316
\l__pdf_internal_box=\box64
))
Package: xfp 2024-08-16 L3 Floating point unit
)
\c@DefaultLines=\count317
\c@DefaultDepth=\count318
\DefaultFindent=\dimen186
\DefaultNindent=\dimen187
\DefaultSlope=\dimen188
\DiscardVskip=\dimen189
\L@lettrine=\box65
\L@lbox=\box66
\L@tbox=\box67
\c@L@lines=\count319
\c@L@depth=\count320
\L@Pindent=\dimen190
\L@Findent=\dimen191
\L@Nindent=\dimen192
\L@lraise=\dimen193
\L@first=\dimen194
\L@next=\dimen195
\L@slope=\dimen196
\L@height=\dimen197
\L@novskip=\dimen198
\L@target@ht=\dimen199
\L@target@dp=\dimen256
\L@target@tht=\dimen257
\LettrineWidth=\dimen258
\LettrineHeight=\dimen259
\LettrineDepth=\dimen260
\L@finalht=\dimen261
\L@finaldp=\dimen262
Loading lettrine.cfg
(/usr/local/texlive/2025/texmf-dist/tex/latex/lettrine/lettrine.cfg)
\Lettrine@tweaks=\toks28
\Llist@everypar=\toks29
)
(/usr/local/texlive/2025/texmf-dist/tex/latex/caption/caption.sty
Package: caption 2023/08/05 v3.6o Customizing captions (AR)

(/usr/local/texlive/2025/texmf-dist/tex/latex/caption/caption3.sty
Package: caption3 2023/07/31 v2.4d caption3 kernel (AR)
\caption@tempdima=\dimen263
\captionmargin=\dimen264
\caption@leftmargin=\dimen265
\caption@rightmargin=\dimen266
\caption@width=\dimen267
\caption@indent=\dimen268
\caption@parindent=\dimen269
\caption@hangindent=\dimen270
Package caption Info: Standard document class detected.
)
\c@caption@flags=\count321
\c@continuedfloat=\count322
Package caption Info: hyperref package is loaded.
)
Package translations Info: No language package found. I am going to use `englis
h' as default language. on input line 35.
LaTeX Font Info:    Trying to load font information for T1+ptm on input line 35
.

(/usr/local/texlive/2025/texmf-dist/tex/latex/psnfss/t1ptm.fd
File: t1ptm.fd 2001/06/04 font definitions for T1/ptm.
)
(./bcp_hurst_thesis.aux)
\openout1 = `bcp_hurst_thesis.aux'.

LaTeX Font Info:    Checking defaults for OML/cmm/m/it on input line 35.
LaTeX Font Info:    ... okay on input line 35.
LaTeX Font Info:    Checking defaults for OMS/cmsy/m/n on input line 35.
LaTeX Font Info:    ... okay on input line 35.
LaTeX Font Info:    Checking defaults for OT1/cmr/m/n on input line 35.
LaTeX Font Info:    ... okay on input line 35.
LaTeX Font Info:    Checking defaults for T1/cmr/m/n on input line 35.
LaTeX Font Info:    ... okay on input line 35.
LaTeX Font Info:    Checking defaults for TS1/cmr/m/n on input line 35.
LaTeX Font Info:    ... okay on input line 35.
LaTeX Font Info:    Checking defaults for OMX/cmex/m/n on input line 35.
LaTeX Font Info:    ... okay on input line 35.
LaTeX Font Info:    Checking defaults for U/cmr/m/n on input line 35.
LaTeX Font Info:    ... okay on input line 35.
LaTeX Font Info:    Checking defaults for PD1/pdf/m/n on input line 35.
LaTeX Font Info:    ... okay on input line 35.
LaTeX Font Info:    Checking defaults for PU/pdf/m/n on input line 35.
LaTeX Font Info:    ... okay on input line 35.

*geometry* driver: auto-detecting
*geometry* detected driver: pdftex
*geometry* verbose mode - [ preamble ] result:
* driver: pdftex
* paper: <default>
* layout: <same size as paper>
* layoutoffset:(h,v)=(0.0pt,0.0pt)
* modes: 
* h-part:(L,W,R)=(72.26999pt, 469.75502pt, 72.26999pt)
* v-part:(T,H,B)=(72.26999pt, 650.43001pt, 72.26999pt)
* \paperwidth=614.295pt
* \paperheight=794.96999pt
* \textwidth=469.75502pt
* \textheight=650.43001pt
* \oddsidemargin=0.0pt
* \evensidemargin=0.0pt
* \topmargin=-37.0pt
* \headheight=12.0pt
* \headsep=25.0pt
* \topskip=12.0pt
* \footskip=30.0pt
* \marginparwidth=44.0pt
* \marginparsep=10.0pt
* \columnsep=10.0pt
* \skip\footins=10.8pt plus 4.0pt minus 2.0pt
* \hoffset=0.0pt
* \voffset=0.0pt
* \mag=1000
* \@twocolumnfalse
* \@twosidefalse
* \@mparswitchfalse
* \@reversemarginfalse
* (1in=72.27pt=25.4mm, 1cm=28.453pt)


(/usr/local/texlive/2025/texmf-dist/tex/latex/translations/translations-basic-d
ictionary-english.trsl
File: translations-basic-dictionary-english.trsl (english translation file `tra
nslations-basic-dictionary')
)
Package translations Info: loading dictionary `translations-basic-dictionary' f
or `english'. on input line 35.

(/usr/local/texlive/2025/texmf-dist/tex/context/base/mkii/supp-pdf.mkii
[Loading MPS to PDF converter (version 2006.09.02).]
\scratchcounter=\count323
\scratchdimen=\dimen271
\scratchbox=\box68
\nofMPsegments=\count324
\nofMParguments=\count325
\everyMPshowfont=\toks30
\MPscratchCnt=\count326
\MPscratchDim=\dimen272
\MPnumerator=\count327
\makeMPintoPDFobject=\count328
\everyMPtoPDFconversion=\toks31
) (/usr/local/texlive/2025/texmf-dist/tex/latex/epstopdf-pkg/epstopdf-base.sty
Package: epstopdf-base 2020-01-24 v2.11 Base part for package epstopdf
Package epstopdf-base Info: Redefining graphics rule for `.eps' on input line 4
85.

(/usr/local/texlive/2025/texmf-dist/tex/latex/latexconfig/epstopdf-sys.cfg
File: epstopdf-sys.cfg 2010/07/13 v1.3 Configuration of (r)epstopdf for TeX Liv
e
))
Package hyperref Info: Link coloring OFF on input line 35.

(./bcp_hurst_thesis.out) (./bcp_hurst_thesis.out)
\@outlinefile=\write3
\openout3 = `bcp_hurst_thesis.out'.

Package caption Info: Begin \AtBeginDocument code.
Package caption Info: End \AtBeginDocument code.


[1

{/usr/local/texlive/2025/texmf-var/fonts/map/pdftex/updmap/pdftex.map}{/usr/loc
al/texlive/2025/texmf-dist/fonts/enc/dvips/base/8r.enc}]
(./bcp_hurst_thesis.toc
LaTeX Font Info:    Trying to load font information for U+msa on input line 4.

(/usr/local/texlive/2025/texmf-dist/tex/latex/amsfonts/umsa.fd
File: umsa.fd 2013/01/14 v3.01 AMS symbols A
)
LaTeX Font Info:    Trying to load font information for U+msb on input line 4.

(/usr/local/texlive/2025/texmf-dist/tex/latex/amsfonts/umsb.fd
File: umsb.fd 2013/01/14 v3.01 AMS symbols B
)
Overfull \hbox (15.89195pt too wide) in paragraph at lines 25--25
 [][] [][]\T1/ptm/m/n/12 Microstructure and excitation--inhibition bal-ance gat
e how SC and FC co-development 
 []

)
\tf@toc=\write4
\openout4 = `bcp_hurst_thesis.toc'.



[1] (./section_1_abstract.tex) (./section_2_introduction.tex
Package lettrine.sty Info: Targeted height = 24.16841pt
(lettrine.sty)             (for loversize=0, accent excluded),
(lettrine.sty)             Lettrine height = 24.16852pt (E);
(lettrine.sty)             reported on input line 1.



pdfTeX warning (ext4): destination with the same identifier (name{page.1}) has 
been already used, duplicate ignored
<to be read again> 
                   \relax 
l.4 
     [1

]

[2]

[3]) (./section_3_methods.tex

[4]
Overfull \hbox (1.76698pt too wide) in paragraph at lines 16--17
\T1/ptm/m/n/12 scans were iden-ti-fied with a deep-learning, semi-automated qua
l-ity as-sess-ment (QA) algorithm[[]].
 []

LaTeX Font Info:    Trying to load font information for T1+pcr on input line 22
.
(/usr/local/texlive/2025/texmf-dist/tex/latex/psnfss/t1pcr.fd
File: t1pcr.fd 2001/06/04 font definitions for T1/pcr.
)

[5]
<figure/Figure1_population.pdf, id=284, 1927.2pt x 1084.05pt>
File: figure/Figure1_population.pdf Graphic file (type pdf)
<use figure/Figure1_population.pdf>
Package pdftex.def Info: figure/Figure1_population.pdf  used on input line 37.
(pdftex.def)             Requested size: 446.26582pt x 251.01346pt.

Overfull \hbox (3.67017pt too wide) in paragraph at lines 44--46
\T1/ptm/m/n/12 1150ms (400 time-points) and 2.4mm isotropic res-o-lu-tion. We c
om-pared our method, OS-SVD[[]],
 []


Overfull \hbox (9.18443pt too wide) in paragraph at lines 44--46
\T1/ptm/m/n/12 with two state-of-the-art tech-niques: MP-PCA[[]] and NORDIC[[]]
. This de-nois-ing and individual-
 []


Overfull \hbox (4.74472pt too wide) in paragraph at lines 44--46
\T1/ptm/m/n/12 gradient eval-u-a-tion frame-work fol-lows our prior work on pre
-ci-sion func-tional gra-di-ents and optimal-
 []


Overfull \hbox (7.14006pt too wide) in paragraph at lines 49--50
[]\T1/ptm/b/n/12 MP-PCA. \T1/ptm/m/n/12 MP-PCA cal-cu-lates the co-vari-ance ma
-trix of the 2D sig-nal ma-trix and uses Marcenko-
 []



[6]
<figure/Figure2_denoising.png, id=313, 425.59pt x 199.74625pt>
File: figure/Figure2_denoising.png Graphic file (type png)
<use figure/Figure2_denoising.png>
Package pdftex.def Info: figure/Figure2_denoising.png  used on input line 56.
(pdftex.def)             Requested size: 446.26582pt x 209.46239pt.


[7 <./figure/Figure1_population.pdf>]

[8 <./figure/Figure2_denoising.png>]

[9]
<figure/Figure3_individualgradients.jpeg, id=345, 1883.035pt x 913.4125pt>
File: figure/Figure3_individualgradients.jpeg Graphic file (type jpg)
<use figure/Figure3_individualgradients.jpeg>
Package pdftex.def Info: figure/Figure3_individualgradients.jpeg  used on input
 line 117.
(pdftex.def)             Requested size: 446.26582pt x 216.46385pt.


[10 <./figure/Figure3_individualgradients.jpeg>]
<figure/Figure4_SFCmethod.png, id=352, 636.3775pt x 271.0125pt>
File: figure/Figure4_SFCmethod.png Graphic file (type png)
<use figure/Figure4_SFCmethod.png>
Package pdftex.def Info: figure/Figure4_SFCmethod.png  used on input line 135.
(pdftex.def)             Requested size: 446.26582pt x 190.04654pt.


[11

 <./figure/Figure4_SFCmethod.png>]
<figure/Figure5_hurstmethod.png, id=366, 382.42876pt x 121.45375pt>
File: figure/Figure5_hurstmethod.png Graphic file (type png)
<use figure/Figure5_hurstmethod.png>
Package pdftex.def Info: figure/Figure5_hurstmethod.png  used on input line 148
.
(pdftex.def)             Requested size: 446.26582pt x 141.7352pt.


[12 <./figure/Figure5_hurstmethod.png>]
<figure/Figure6_myelinationmethod.png, id=377, 422.57875pt x 180.675pt>
File: figure/Figure6_myelinationmethod.png Graphic file (type png)
<use figure/Figure6_myelinationmethod.png>
Package pdftex.def Info: figure/Figure6_myelinationmethod.png  used on input li
ne 160.
(pdftex.def)             Requested size: 446.26582pt x 190.8088pt.


[13 <./figure/Figure6_myelinationmethod.png>]

[14]

[15]) (./section_4_result.tex
<figure/Figure7_denoisingresult.jpeg, id=398, 1890.06125pt x 842.14626pt>
File: figure/Figure7_denoisingresult.jpeg Graphic file (type jpg)
<use figure/Figure7_denoisingresult.jpeg>
Package pdftex.def Info: figure/Figure7_denoisingresult.jpeg  used on input lin
e 11.
(pdftex.def)             Requested size: 446.26582pt x 198.84245pt.
<figure/Figure8_gradientcomparison.jpeg, id=399, 1367.1075pt x 508.90125pt>
File: figure/Figure8_gradientcomparison.jpeg Graphic file (type jpg)
<use figure/Figure8_gradientcomparison.jpeg>
Package pdftex.def Info: figure/Figure8_gradientcomparison.jpeg  used on input 
line 18.
(pdftex.def)             Requested size: 446.26582pt x 166.12086pt.


[16]

[17 <./figure/Figure7_denoisingresult.jpeg>]
<figure/Figure9_gradienttimeline_BCP.jpeg, id=426, 1927.2pt x 528.97626pt>
File: figure/Figure9_gradienttimeline_BCP.jpeg Graphic file (type jpg)
<use figure/Figure9_gradienttimeline_BCP.jpeg>
Package pdftex.def Info: figure/Figure9_gradienttimeline_BCP.jpeg  used on inpu
t line 39.
(pdftex.def)             Requested size: 446.26582pt x 122.48528pt.
<figure/Figure10_gradienttimeline_HBCD.png, id=427, 687.56876pt x 221.82875pt>
File: figure/Figure10_gradienttimeline_HBCD.png Graphic file (type png)
<use figure/Figure10_gradienttimeline_HBCD.png>
Package pdftex.def Info: figure/Figure10_gradienttimeline_HBCD.png  used on inp
ut line 47.
(pdftex.def)             Requested size: 446.26582pt x 143.9771pt.


[18 <./figure/Figure8_gradientcomparison.jpeg>]
<figure/Figure11_timeline.pdf, id=436, 1132.08946pt x 629.20067pt>
File: figure/Figure11_timeline.pdf Graphic file (type pdf)
<use figure/Figure11_timeline.pdf>
Package pdftex.def Info: figure/Figure11_timeline.pdf  used on input line 60.
(pdftex.def)             Requested size: 446.26582pt x 248.0275pt.


[19 <./figure/Figure9_gradienttimeline_BCP.jpeg> <./figure/Figure10_gradienttim
eline_HBCD.png>]
<figure/Figure12_SFC_atlas.pdf, id=445, 1710.76138pt x 1354.83165pt>
File: figure/Figure12_SFC_atlas.pdf Graphic file (type pdf)
<use figure/Figure12_SFC_atlas.pdf>
Package pdftex.def Info: figure/Figure12_SFC_atlas.pdf  used on input line 90.
(pdftex.def)             Requested size: 446.26582pt x 353.40561pt.
<figure/Figure13_supplementary_net_violin.pdf, id=446, 2409.0pt x 1606.0pt>
File: figure/Figure13_supplementary_net_violin.pdf Graphic file (type pdf)
<use figure/Figure13_supplementary_net_violin.pdf>
Package pdftex.def Info: figure/Figure13_supplementary_net_violin.pdf  used on 
input line 98.
(pdftex.def)             Requested size: 446.26582pt x 297.49744pt.


[20 <./figure/Figure11_timeline.pdf>]
<figure/Figure14_SC_Developmental_Trajectory.pdf, id=552, 1011.78pt x 578.16pt>

File: figure/Figure14_SC_Developmental_Trajectory.pdf Graphic file (type pdf)
<use figure/Figure14_SC_Developmental_Trajectory.pdf>
Package pdftex.def Info: figure/Figure14_SC_Developmental_Trajectory.pdf  used 
on input line 108.
(pdftex.def)             Requested size: 446.26582pt x 255.00873pt.
<figure/Figure15_FC_Developmental_trajectory_intra.pdf, id=553, 1011.78pt x 578
.16pt>
File: figure/Figure15_FC_Developmental_trajectory_intra.pdf Graphic file (type 
pdf)
<use figure/Figure15_FC_Developmental_trajectory_intra.pdf>
Package pdftex.def Info: figure/Figure15_FC_Developmental_trajectory_intra.pdf 
 used on input line 116.
(pdftex.def)             Requested size: 446.26582pt x 255.00873pt.


[21 <./figure/Figure12_SFC_atlas.pdf>]

[22 <./figure/Figure13_supplementary_net_violin.pdf>]
<figure/Figure16_SFC_sa.pdf, id=666, 2305.10182pt x 1525.38878pt>
File: figure/Figure16_SFC_sa.pdf Graphic file (type pdf)
<use figure/Figure16_SFC_sa.pdf>
Package pdftex.def Info: figure/Figure16_SFC_sa.pdf  used on input line 129.
(pdftex.def)             Requested size: 446.26582pt x 295.29663pt.


[23 <./figure/Figure14_SC_Developmental_Trajectory.pdf>]

[24 <./figure/Figure15_FC_Developmental_trajectory_intra.pdf>]
<figure/Figure17_Hurstgradient_HBCD.png, id=704, 472.76625pt x 431.6125pt>
File: figure/Figure17_Hurstgradient_HBCD.png Graphic file (type png)
<use figure/Figure17_Hurstgradient_HBCD.png>
Package pdftex.def Info: figure/Figure17_Hurstgradient_HBCD.png  used on input 
line 144.
(pdftex.def)             Requested size: 446.26582pt x 407.42812pt.
<figure/Figure18_Hurstsa_BCP.png, id=705, 779.91376pt x 465.74pt>
File: figure/Figure18_Hurstsa_BCP.png Graphic file (type png)
<use figure/Figure18_Hurstsa_BCP.png>
Package pdftex.def Info: figure/Figure18_Hurstsa_BCP.png  used on input line 15
2.
(pdftex.def)             Requested size: 446.26582pt x 266.4908pt.


[25 <./figure/Figure16_SFC_sa.pdf>]
<figure/Figure19_myelinsa_BCP.png, id=770, 820.06375pt x 496.85625pt>
File: figure/Figure19_myelinsa_BCP.png Graphic file (type png)
<use figure/Figure19_myelinsa_BCP.png>
Package pdftex.def Info: figure/Figure19_myelinsa_BCP.png  used on input line 1
70.
(pdftex.def)             Requested size: 446.26582pt x 270.39084pt.


[26]

[27]) (./section_5_discussion.tex

[28]

[29]

[30]) (./section_6_limitation.tex

[31])

[32]

[33 <./figure/Figure17_Hurstgradient_HBCD.png>]

[34 <./figure/Figure18_Hurstsa_BCP.png> <./figure/Figure19_myelinsa_BCP.png>]
(./bcp_hurst_thesis.bbl

[35

]
Underfull \hbox (badness 4193) in paragraph at lines 93--98
[]\T1/ptm/m/n/12 Sean C.L. De-oni, Dou-glas C. Dean, Justin Re-mer, Holly Dirks
, and Jonathan
 []



[36]

[37]

[38]

[39]

[40]

[41]

[42])

[43] (./bcp_hurst_thesis.aux)
 ***********
LaTeX2e <2024-11-01> patch level 2
L3 programming layer <2025-01-18>
 ***********
Package rerunfilecheck Info: File `bcp_hurst_thesis.out' has not changed.
(rerunfilecheck)             Checksum: CA214A8AA343B24CC971F46C7AC75921;6529.
 ) 
Here is how much of TeX's memory you used:
 17263 strings out of 473190
 338780 string characters out of 5715801
 708829 words of memory out of 5000000
 40116 multiletter control sequences out of 15000+600000
 600810 words of font info for 83 fonts, out of 8000000 for 9000
 1141 hyphenation exceptions out of 8191
 79i,7n,93p,2433b,1146s stack positions out of 10000i,1000n,20000p,200000b,200000s
</usr/local/texlive/2025/texmf-dist/fonts/type1/public/amsfonts/cm/cmbx12.pfb
></usr/local/texlive/2025/texmf-dist/fonts/type1/public/amsfonts/cm/cmex10.pfb>
</usr/local/texlive/2025/texmf-dist/fonts/type1/public/amsfonts/cm/cmmi12.pfb><
/usr/local/texlive/2025/texmf-dist/fonts/type1/public/amsfonts/cm/cmmi6.pfb></u
sr/local/texlive/2025/texmf-dist/fonts/type1/public/amsfonts/cm/cmmi8.pfb></usr
/local/texlive/2025/texmf-dist/fonts/type1/public/amsfonts/cm/cmr12.pfb></usr/l
ocal/texlive/2025/texmf-dist/fonts/type1/public/amsfonts/cm/cmr8.pfb></usr/loca
l/texlive/2025/texmf-dist/fonts/type1/public/amsfonts/cm/cmsy10.pfb></usr/local
/texlive/2025/texmf-dist/fonts/type1/public/amsfonts/cm/cmsy8.pfb></usr/local/t
exlive/2025/texmf-dist/fonts/type1/public/amsfonts/symbols/msbm10.pfb></usr/loc
al/texlive/2025/texmf-dist/fonts/type1/urw/courier/ucrr8a.pfb></usr/local/texli
ve/2025/texmf-dist/fonts/type1/urw/times/utmb8a.pfb></usr/local/texlive/2025/te
xmf-dist/fonts/type1/urw/times/utmr8a.pfb></usr/local/texlive/2025/texmf-dist/f
onts/type1/urw/times/utmri8a.pfb>
Output written on bcp_hurst_thesis.pdf (45 pages, 30771238 bytes).
PDF statistics:
 998 PDF objects out of 1000 (max. 8388607)
 681 compressed objects within 7 object streams
 175 named destinations out of 1000 (max. 500000)
 312 words of extra memory for PDF output out of 10000 (max. 10000000)

